\BOOKMARK [0][-]{chapter.1}{\376\377\000d\000i\000f\000f\000s\000p\000h}{}% 1
\BOOKMARK [1][-]{section.1.1}{\376\377\000d\000i\000f\000f\000s\000p\000h\000\040\000p\000a\000c\000k\000a\000g\000e}{chapter.1}% 2
\BOOKMARK [2][-]{subsection.1.1.1}{\376\377\000S\000u\000b\000p\000a\000c\000k\000a\000g\000e\000s}{section.1.1}% 3
\BOOKMARK [3][-]{subsubsection*.4}{\376\377\000d\000i\000f\000f\000s\000p\000h\000.\000p\000r\000o\000f\000i\000l\000e\000s\000\040\000p\000a\000c\000k\000a\000g\000e}{subsection.1.1.1}% 4
\BOOKMARK [4][-]{paragraph*.5}{\376\377\000S\000u\000b\000m\000o\000d\000u\000l\000e\000s}{subsubsection*.4}% 5
\BOOKMARK [4][-]{paragraph*.6}{\376\377\000d\000i\000f\000f\000s\000p\000h\000.\000p\000r\000o\000f\000i\000l\000e\000s\000.\000a\000n\000a\000l\000y\000t\000i\000c\000s\000\040\000m\000o\000d\000u\000l\000e}{subsubsection*.4}% 6
\BOOKMARK [4][-]{paragraph*.19}{\376\377\000d\000i\000f\000f\000s\000p\000h\000.\000p\000r\000o\000f\000i\000l\000e\000s\000.\000h\000f\000a\000c\000t\000o\000r\000s\000\040\000m\000o\000d\000u\000l\000e}{subsubsection*.4}% 7
\BOOKMARK [4][-]{paragraph*.30}{\376\377\000d\000i\000f\000f\000s\000p\000h\000.\000p\000r\000o\000f\000i\000l\000e\000s\000.\000m\000a\000s\000s\000m\000o\000d\000e\000l\000s\000\040\000m\000o\000d\000u\000l\000e}{subsubsection*.4}% 8
\BOOKMARK [4][-]{paragraph*.38}{\376\377\000d\000i\000f\000f\000s\000p\000h\000.\000p\000r\000o\000f\000i\000l\000e\000s\000.\000t\000e\000m\000p\000l\000a\000t\000e\000s\000\040\000m\000o\000d\000u\000l\000e}{subsubsection*.4}% 9
\BOOKMARK [4][-]{paragraph*.49}{\376\377\000M\000o\000d\000u\000l\000e\000\040\000c\000o\000n\000t\000e\000n\000t\000s}{subsubsection*.4}% 10
\BOOKMARK [3][-]{subsubsection*.50}{\376\377\000d\000i\000f\000f\000s\000p\000h\000.\000s\000p\000e\000c\000t\000r\000a\000\040\000p\000a\000c\000k\000a\000g\000e}{subsection.1.1.1}% 11
\BOOKMARK [4][-]{paragraph*.51}{\376\377\000S\000u\000b\000m\000o\000d\000u\000l\000e\000s}{subsubsection*.50}% 12
\BOOKMARK [4][-]{paragraph*.52}{\376\377\000d\000i\000f\000f\000s\000p\000h\000.\000s\000p\000e\000c\000t\000r\000a\000.\000a\000n\000a\000l\000y\000t\000i\000c\000s\000\040\000m\000o\000d\000u\000l\000e}{subsubsection*.50}% 13
\BOOKMARK [4][-]{paragraph*.60}{\376\377\000d\000i\000f\000f\000s\000p\000h\000.\000s\000p\000e\000c\000t\000r\000a\000.\000s\000y\000n\000c\000h\000r\000o\000t\000r\000o\000n\000\040\000m\000o\000d\000u\000l\000e}{subsubsection*.50}% 14
\BOOKMARK [4][-]{paragraph*.74}{\376\377\000M\000o\000d\000u\000l\000e\000\040\000c\000o\000n\000t\000e\000n\000t\000s}{subsubsection*.50}% 15
\BOOKMARK [3][-]{subsubsection*.75}{\376\377\000d\000i\000f\000f\000s\000p\000h\000.\000u\000t\000i\000l\000s\000\040\000p\000a\000c\000k\000a\000g\000e}{subsection.1.1.1}% 16
\BOOKMARK [4][-]{paragraph*.76}{\376\377\000S\000u\000b\000m\000o\000d\000u\000l\000e\000s}{subsubsection*.75}% 17
\BOOKMARK [4][-]{paragraph*.77}{\376\377\000d\000i\000f\000f\000s\000p\000h\000.\000u\000t\000i\000l\000s\000.\000c\000o\000n\000s\000t\000s\000\040\000m\000o\000d\000u\000l\000e}{subsubsection*.75}% 18
\BOOKMARK [4][-]{paragraph*.78}{\376\377\000d\000i\000f\000f\000s\000p\000h\000.\000u\000t\000i\000l\000s\000.\000d\000i\000c\000t\000i\000o\000n\000a\000r\000i\000e\000s\000\040\000m\000o\000d\000u\000l\000e}{subsubsection*.75}% 19
\BOOKMARK [4][-]{paragraph*.79}{\376\377\000d\000i\000f\000f\000s\000p\000h\000.\000u\000t\000i\000l\000s\000.\000t\000o\000o\000l\000s\000\040\000m\000o\000d\000u\000l\000e}{subsubsection*.75}% 20
\BOOKMARK [4][-]{paragraph*.98}{\376\377\000M\000o\000d\000u\000l\000e\000\040\000c\000o\000n\000t\000e\000n\000t\000s}{subsubsection*.75}% 21
\BOOKMARK [2][-]{subsection.1.1.2}{\376\377\000S\000u\000b\000m\000o\000d\000u\000l\000e\000s}{section.1.1}% 22
\BOOKMARK [2][-]{subsection.1.1.3}{\376\377\000d\000i\000f\000f\000s\000p\000h\000.\000l\000i\000m\000i\000t\000s\000\040\000m\000o\000d\000u\000l\000e}{section.1.1}% 23
\BOOKMARK [2][-]{subsection.1.1.4}{\376\377\000d\000i\000f\000f\000s\000p\000h\000.\000p\000y\000f\000l\000u\000x\000\040\000m\000o\000d\000u\000l\000e}{section.1.1}% 24
\BOOKMARK [2][-]{subsection.1.1.5}{\376\377\000M\000o\000d\000u\000l\000e\000\040\000c\000o\000n\000t\000e\000n\000t\000s}{section.1.1}% 25
\BOOKMARK [0][-]{chapter.2}{\376\377\000A\000r\000c\000h\000i\000t\000e\000c\000t\000u\000r\000e}{}% 26
\BOOKMARK [0][-]{chapter.3}{\376\377\000E\000x\000a\000m\000p\000l\000e\000s}{}% 27
\BOOKMARK [1][-]{section.3.1}{\376\377\000p\000y\000f\000l\000u\000x\000\040\000m\000o\000d\000u\000l\000e}{chapter.3}% 28
\BOOKMARK [1][-]{section.3.2}{\376\377\000l\000i\000m\000i\000t\000s\000\040\000m\000o\000d\000u\000l\000e}{chapter.3}% 29
\BOOKMARK [0][-]{chapter.4}{\376\377\000I\000n\000d\000i\000c\000e\000s\000\040\000a\000n\000d\000\040\000t\000a\000b\000l\000e\000s}{}% 30
\BOOKMARK [0][-]{section*.115}{\376\377\000P\000y\000t\000h\000o\000n\000\040\000M\000o\000d\000u\000l\000e\000\040\000I\000n\000d\000e\000x}{}% 31
